<?xml version="1.0" encoding="UTF-8"?>
<!-- Generated by org.testng.reporters.JUnitReportReporter -->
<testsuite skipped="0" hostname="ssp-HP" name="TestNG.selwebsite" tests="1" failures="0" timestamp="17 Nov 2018 15:58:45 GMT" time="7.045" errors="0">
  <testcase name="verifylogin" time="7.045" classname="TestNG.selwebsite"/>
</testsuite> <!-- TestNG.selwebsite -->
